node:internal/modules/cjs/loader:1252
  throw err;
  ^

Error: Cannot find module './src/services/story-engine/pipeline/master-outline'
Require stack:
- /Users/alexle/Documents/truyencity2/fix-missing-outlines.js
    at Function._resolveFilename (node:internal/modules/cjs/loader:1249:15)
    at Function._load (node:internal/modules/cjs/loader:1075:27)
    at TracingChannel.traceSync (node:diagnostics_channel:315:14)
    at wrapModuleLoad (node:internal/modules/cjs/loader:218:24)
    at Module.require (node:internal/modules/cjs/loader:1340:12)
    at require (node:internal/modules/helpers:141:16)
    at Object.<anonymous> (/Users/alexle/Documents/truyencity2/fix-missing-outlines.js:2:35)
    at Module._compile (node:internal/modules/cjs/loader:1546:14)
    at Object..js (node:internal/modules/cjs/loader:1689:10)
    at Module.load (node:internal/modules/cjs/loader:1318:32) {
  code: 'MODULE_NOT_FOUND',
  requireStack: [ '/Users/alexle/Documents/truyencity2/fix-missing-outlines.js' ]
}

Node.js v22.11.0
